1: Z 1: started
2: Z 1: entering office for a service 3
3: Z 2: started
4: Z 2: entering office for a service 3
5: Z 3: started
6: Z 3: entering office for a service 1
7: Z 4: started
8: Z 4: entering office for a service 2
9: Z 5: started
10: Z 6: started
11: Z 6: entering office for a service 2
12: Z 7: started
13: Z 8: started
14: Z 8: entering office for a service 1
15: Z 9: started
16: Z 9: entering office for a service 3
17: Z 5: entering office for a service 2
18: Z 10: started
19: Z 10: entering office for a service 2
20: Z 11: started
21: Z 11: entering office for a service 1
22: Z 7: entering office for a service 2
23: Z 12: started
24: Z 12: entering office for a service 3
25: Z 13: started
26: Z 14: started
27: Z 14: entering office for a service 2
28: Z 15: started
29: Z 16: started
30: Z 16: entering office for a service 1
31: Z 17: started
32: Z 17: entering office for a service 3
33: Z 18: started
34: Z 18: entering office for a service 3
35: Z 13: entering office for a service 1
36: Z 19: started
37: Z 19: entering office for a service 1
38: Z 20: started
39: Z 20: entering office for a service 2
40: Z 15: entering office for a service 3
41: U 1: started
42: U 1: serving a service of type 2
43: Z 4: called by office worker
44: U 1: service finished
45: U 1: serving a service of type 3
46: U 2: started
47: Z 1: called by office worker
48: U 1: service finished
49: U 2: serving a service of type 1
50: Z 3: called by office worker
51: U 1: serving a service of type 1
52: Z 8: called by office worker
53: U 2: service finished
54: U 3: started
55: U 1: service finished
56: U 4: started
57: U 2: serving a service of type 3
58: Z 2: called by office worker
59: U 3: serving a service of type 2
60: Z 6: called by office worker
61: U 1: serving a service of type 2
62: U 4: serving a service of type 2
63: U 2: service finished
64: U 5: started
65: Z 5: called by office worker
66: Z 10: called by office worker
67: Z 6: going home
68: U 3: service finished
69: U 1: service finished
70: U 4: service finished
71: U 2: serving a service of type 3
72: Z 9: called by office worker
73: U 5: serving a service of type 2
74: Z 7: called by office worker
75: U 6: started
76: U 3: serving a service of type 3
77: U 1: serving a service of type 3
78: Z 12: called by office worker
79: Z 17: called by office worker
80: U 4: serving a service of type 2
81: Z 14: called by office worker
82: U 2: service finished
83: U 5: service finished
84: U 6: serving a service of type 3
85: U 7: started
86: Z 18: called by office worker
87: U 3: service finished
88: U 8: started
89: U 1: service finished
90: U 4: service finished
91: U 2: serving a service of type 2
92: U 9: started
93: Z 20: called by office worker
94: U 5: serving a service of type 1
95: Z 11: called by office worker
96: U 6: service finished
97: Z 3: going home
98: U 7: serving a service of type 3
99: Z 15: called by office worker
100: U 3: serving a service of type 1
101: Z 16: called by office worker
102: U 8: serving a service of type 1
103: Z 13: called by office worker
104: U 1: serving a service of type 1
105: U 10: started
106: Z 19: called by office worker
107: U 4: taking break
108: U 2: service finished
109: U 5: service finished
110: U 11: started
111: U 7: service finished
112: Z 4: going home
113: U 12: started
114: U 3: service finished
115: U 8: service finished
116: Z 10: going home
117: U 1: service finished
118: U 13: started
119: U 4: break finished
120: U 9: taking break
121: U 14: started
122: U 15: started
123: U 9: break finished
124: U 6: taking break
125: Z 1: going home
126: U 16: started
127: Z 9: going home
128: U 6: break finished
129: U 10: taking break
130: U 17: started
131: U 10: break finished
132: U 2: taking break
133: U 18: started
134: U 2: break finished
135: U 5: taking break
136: Z 15: going home
137: Z 12: going home
138: Z 17: going home
139: closing
140: U 19: started
141: Z 5: going home
142: U 20: started
143: U 5: break finished
144: U 11: going home
145: U 7: going home
146: U 12: going home
147: U 3: going home
148: U 8: going home
149: U 1: going home
150: U 13: going home
151: U 4: going home
152: U 14: going home
153: U 15: going home
154: U 9: going home
155: Z 14: going home
156: Z 13: going home
157: U 16: going home
158: Z 7: going home
159: U 6: going home
160: U 17: going home
161: U 10: going home
162: U 18: going home
163: U 2: going home
164: U 19: going home
165: U 20: going home
166: U 5: going home
167: Z 18: going home
168: Z 8: going home
169: Z 19: going home
170: Z 20: going home
171: Z 2: going home
172: Z 11: going home
173: Z 16: going home
